Unity Editor version:    2021.3.19f1 (c9714fde33b6)
Branch:                  2021.3/staging
Build type:              Release
Batch mode:              YES
macOS version:           Version 12.2.1 (Build 21D62)
Darwin version:          21.3.0
Architecture:            arm64
Running under Rosetta:   NO
Available memory:        16384 MB
Using pre-set license
Pro License: YES

COMMAND LINE ARGUMENTS:
/Applications/Unity/Hub/Editor/2021.3.19f1/Unity.app/Contents/MacOS/Unity
-adb2
-batchMode
-noUpm
-name
AssetImportWorker1
-projectPath
/Users/amydubin/Documents/GitHub/Final-Project
-logFile
Logs/AssetImportWorker1.log
-srvPort
52536
Successfully changed project path to: /Users/amydubin/Documents/GitHub/Final-Project
/Users/amydubin/Documents/GitHub/Final-Project
[UnityMemory] Configuration Parameters - Can be set up in boot.config
    "memorysetup-bucket-allocator-granularity=16"
    "memorysetup-bucket-allocator-bucket-count=8"
    "memorysetup-bucket-allocator-block-size=33554432"
    "memorysetup-bucket-allocator-block-count=8"
    "memorysetup-main-allocator-block-size=16777216"
    "memorysetup-thread-allocator-block-size=16777216"
    "memorysetup-gfx-main-allocator-block-size=16777216"
    "memorysetup-gfx-thread-allocator-block-size=16777216"
    "memorysetup-cache-allocator-block-size=4194304"
    "memorysetup-typetree-allocator-block-size=2097152"
    "memorysetup-profiler-bucket-allocator-granularity=16"
    "memorysetup-profiler-bucket-allocator-bucket-count=8"
    "memorysetup-profiler-bucket-allocator-block-size=33554432"
    "memorysetup-profiler-bucket-allocator-block-count=8"
    "memorysetup-profiler-allocator-block-size=16777216"
    "memorysetup-profiler-editor-allocator-block-size=1048576"
    "memorysetup-temp-allocator-size-main=16777216"
    "memorysetup-job-temp-allocator-block-size=2097152"
    "memorysetup-job-temp-allocator-block-size-background=1048576"
    "memorysetup-job-temp-allocator-reduction-small-platforms=262144"
    "memorysetup-temp-allocator-size-background-worker=32768"
    "memorysetup-temp-allocator-size-job-worker=262144"
    "memorysetup-temp-allocator-size-preload-manager=33554432"
    "memorysetup-temp-allocator-size-nav-mesh-worker=65536"
    "memorysetup-temp-allocator-size-audio-worker=65536"
    "memorysetup-temp-allocator-size-cloud-worker=32768"
    "memorysetup-temp-allocator-size-gi-baking-worker=262144"
    "memorysetup-temp-allocator-size-gfx=262144"
Player connection [4473947520] Host "[IP] 192.168.0.22 [Port] 0 [Flags] 2 [Guid] 1580390454 [EditorId] 1580390454 [Version] 1048832 [Id] OSXEditor(0,Amys-MacBook-Pro.local) [Debug] 1 [PackageName] OSXEditor [ProjectName] Editor" joined multi-casting on [225.0.0.222:54997]...

Player connection [4473947520] Host "[IP] 192.168.0.22 [Port] 0 [Flags] 2 [Guid] 1580390454 [EditorId] 1580390454 [Version] 1048832 [Id] OSXEditor(0,Amys-MacBook-Pro.local) [Debug] 1 [PackageName] OSXEditor [ProjectName] Editor" joined alternative multi-casting on [225.0.0.222:34997]...

Refreshing native plugins compatible for Editor in 98.94 ms, found 2 plugins.
Preloading 0 native plugins for Editor in 0.00 ms.
Initialize engine version: 2021.3.19f1 (c9714fde33b6)
[Subsystems] Discovering subsystems at path /Applications/Unity/Hub/Editor/2021.3.19f1/Unity.app/Contents/Resources/UnitySubsystems
[Subsystems] Discovering subsystems at path /Users/amydubin/Documents/GitHub/Final-Project/Assets
GfxDevice: creating device client; threaded=0; jobified=0
 preferred device: Apple M1 (high power)
Metal devices available: 1
0: Apple M1 (high power)
Using device Apple M1 (high power)
Initializing Metal device caps: Apple M1
Initialize mono
Mono path[0] = '/Applications/Unity/Hub/Editor/2021.3.19f1/Unity.app/Contents/Managed'
Mono path[1] = '/Applications/Unity/Hub/Editor/2021.3.19f1/Unity.app/Contents/MonoBleedingEdge/lib/mono/unityjit-macos'
Mono config path = '/Applications/Unity/Hub/Editor/2021.3.19f1/Unity.app/Contents/MonoBleedingEdge/etc'
Using monoOptions --debugger-agent=transport=dt_socket,embedding=1,server=y,suspend=n,address=127.0.0.1:56819
Begin MonoManager ReloadAssembly
Registering precompiled unity dll's ...
Register platform support module: /Applications/Unity/Hub/Editor/2021.3.19f1/Unity.app/Contents/PlaybackEngines/MacStandaloneSupport/UnityEditor.OSXStandalone.Extensions.dll
Register platform support module: /Applications/Unity/Hub/Editor/2021.3.19f1/PlaybackEngines/WindowsStandaloneSupport/UnityEditor.WindowsStandalone.Extensions.dll
Registered in 0.002295 seconds.
Native extension for WindowsStandalone target not found
Native extension for OSXStandalone target not found
Refreshing native plugins compatible for Editor in 83.17 ms, found 2 plugins.
Preloading 0 native plugins for Editor in 0.00 ms.
Mono: successfully reloaded assembly
- Completed reload, in  0.640 seconds
Domain Reload Profiling:
	ReloadAssembly (640ms)
		BeginReloadAssembly (148ms)
			ExecutionOrderSort (0ms)
			DisableScriptedObjects (0ms)
			BackupInstance (0ms)
			ReleaseScriptingObjects (0ms)
			CreateAndSetChildDomain (0ms)
		EndReloadAssembly (405ms)
			LoadAssemblies (151ms)
			RebuildTransferFunctionScriptingTraits (0ms)
			SetupTypeCache (93ms)
			ReleaseScriptCaches (0ms)
			RebuildScriptCaches (26ms)
			SetupLoadedEditorAssemblies (248ms)
				LogAssemblyErrors (0ms)
				InitializePlatformSupportModulesInManaged (5ms)
				SetLoadedEditorAssemblies (0ms)
				RefreshPlugins (83ms)
				BeforeProcessingInitializeOnLoad (1ms)
				ProcessInitializeOnLoadAttributes (127ms)
				ProcessInitializeOnLoadMethodAttributes (32ms)
				AfterProcessingInitializeOnLoad (0ms)
				EditorAssembliesLoaded (0ms)
			ExecutionOrderSort2 (0ms)
			AwakeInstancesAfterBackupRestoration (0ms)
Platform modules already initialized, skipping
Registering precompiled user dll's ...
Registered in 0.024081 seconds.
Begin MonoManager ReloadAssembly
Symbol file LoadedFromMemory doesn't match image /Users/amydubin/Documents/GitHub/Final-Project/Library/PackageCache/com.unity.visualscripting@1.8.0/Editor/VisualScripting.Core/Dependencies/YamlDotNet/Unity.VisualScripting.YamlDotNet.dll
Symbol file LoadedFromMemory doesn't match image /Users/amydubin/Documents/GitHub/Final-Project/Library/PackageCache/com.unity.visualscripting@1.8.0/Editor/VisualScripting.Core/Dependencies/DotNetZip/Unity.VisualScripting.IonicZip.dll
Native extension for WindowsStandalone target not found
Native extension for OSXStandalone target not found
Refreshing native plugins compatible for Editor in 0.44 ms, found 2 plugins.
Preloading 0 native plugins for Editor in 0.00 ms.
Mono: successfully reloaded assembly
- Completed reload, in  0.940 seconds
Domain Reload Profiling:
	ReloadAssembly (941ms)
		BeginReloadAssembly (128ms)
			ExecutionOrderSort (0ms)
			DisableScriptedObjects (4ms)
			BackupInstance (0ms)
			ReleaseScriptingObjects (0ms)
			CreateAndSetChildDomain (20ms)
		EndReloadAssembly (718ms)
			LoadAssemblies (154ms)
			RebuildTransferFunctionScriptingTraits (0ms)
			SetupTypeCache (238ms)
			ReleaseScriptCaches (0ms)
			RebuildScriptCaches (45ms)
			SetupLoadedEditorAssemblies (305ms)
				LogAssemblyErrors (0ms)
				InitializePlatformSupportModulesInManaged (3ms)
				SetLoadedEditorAssemblies (0ms)
				RefreshPlugins (0ms)
				BeforeProcessingInitializeOnLoad (57ms)
				ProcessInitializeOnLoadAttributes (229ms)
				ProcessInitializeOnLoadMethodAttributes (15ms)
				AfterProcessingInitializeOnLoad (1ms)
				EditorAssembliesLoaded (0ms)
			ExecutionOrderSort2 (0ms)
			AwakeInstancesAfterBackupRestoration (3ms)
Platform modules already initialized, skipping
========================================================================
Worker process is ready to serve import requests
Launching external process: /Applications/Unity/Hub/Editor/2021.3.19f1/Unity.app/Contents/Tools/UnityShaderCompiler
Launched and connected shader compiler UnityShaderCompiler after 0.06 seconds
Refreshing native plugins compatible for Editor in 0.54 ms, found 2 plugins.
Preloading 0 native plugins for Editor in 0.00 ms.
Unloading 3125 Unused Serialized files (Serialized files now loaded: 0)
Unloading 24 unused Assets / (88.8 KB). Loaded Objects now: 3597.
Memory consumption went from 115.7 MB to 115.7 MB.
Total: 2.844875 ms (FindLiveObjects: 0.129417 ms CreateObjectMapping: 0.041667 ms MarkObjects: 2.560500 ms  DeleteObjects: 0.112458 ms)

AssetImportParameters requested are different than current active one (requested -> active):
  custom:video-decoder-ogg-theora: a1e56fd34408186e4bbccfd4996cb3dc -> 
  custom:container-muxer-webm: aa71ff27fc2769a1b78a27578f13a17b -> 
  custom:container-demuxer-webm: 4f35f7cbe854078d1ac9338744f61a02 -> 
  custom:video-encoder-webm-vp8: eb34c28f22e8b96e1ab97ce403110664 -> 
  custom:framework-osx-AVFoundation: e770b220cccbd017edd2c1fefb359320 -> 
  custom:audio-encoder-webm-vorbis: bf7c407c2cedff20999df2af8eb42d56 -> 
  custom:container-demuxer-ogg: 62fdf1f143b41e24485cea50d1cbac27 -> 
  custom:video-decoder-webm-vp8: 9c59270c3fd7afecdb556c50c9e8de78 -> 
  custom:audio-decoder-ogg-vorbis: bf7c407c2cedff20999df2af8eb42d56 -> 
========================================================================
Received Import Request.
  Time since last request: 213284.126516 seconds.
  path: Assets/Store Assets/SimpleTrains/Prefabs/Environments/SM_Env_Tree_03.prefab
  artifactKey: Guid(f23504e4bc61b344cafbb0b4d9101d5e) Importer(815301076,1909f56bfc062723c751e8b465ee728b)
Start importing Assets/Store Assets/SimpleTrains/Prefabs/Environments/SM_Env_Tree_03.prefab using Guid(f23504e4bc61b344cafbb0b4d9101d5e) Importer(815301076,1909f56bfc062723c751e8b465ee728b)  -> (artifact id: '357e56138d82d1b9e8c2862ab66c2e36') in 0.142374 seconds 
========================================================================
Received Import Request.
  Time since last request: 0.000097 seconds.
  path: Assets/Store Assets/SimpleTrains/Prefabs/Environments/SM_Env_Tile_Grass_01.prefab
  artifactKey: Guid(1a098c755f9e28a4cb692e77fad8c6cc) Importer(815301076,1909f56bfc062723c751e8b465ee728b)
Start importing Assets/Store Assets/SimpleTrains/Prefabs/Environments/SM_Env_Tile_Grass_01.prefab using Guid(1a098c755f9e28a4cb692e77fad8c6cc) Importer(815301076,1909f56bfc062723c751e8b465ee728b)  -> (artifact id: '94695b50434b3b4cef7e0c0ff12385e2') in 0.017518 seconds 
========================================================================
Received Import Request.
  Time since last request: 0.000058 seconds.
  path: Assets/Store Assets/SimpleTrains/Prefabs/Environments/SM_Env_Track_Diagonal_01.prefab
  artifactKey: Guid(2373fb5cedfce5044ac691da0c17520e) Importer(815301076,1909f56bfc062723c751e8b465ee728b)
Start importing Assets/Store Assets/SimpleTrains/Prefabs/Environments/SM_Env_Track_Diagonal_01.prefab using Guid(2373fb5cedfce5044ac691da0c17520e) Importer(815301076,1909f56bfc062723c751e8b465ee728b)  -> (artifact id: '4fa2a840b51c5f5d7c7002b8148875ff') in 0.026399 seconds 
========================================================================
Received Import Request.
  Time since last request: 0.000051 seconds.
  path: Assets/Store Assets/SimpleTrains/Prefabs/Environments/SM_Env_Track_Raised_Corner_01.prefab
  artifactKey: Guid(cf6865a4cca19a14780bba1896dab121) Importer(815301076,1909f56bfc062723c751e8b465ee728b)
Start importing Assets/Store Assets/SimpleTrains/Prefabs/Environments/SM_Env_Track_Raised_Corner_01.prefab using Guid(cf6865a4cca19a14780bba1896dab121) Importer(815301076,1909f56bfc062723c751e8b465ee728b)  -> (artifact id: 'd08777b09985514233204f0739bcbda9') in 0.018128 seconds 
========================================================================
Received Import Request.
  Time since last request: 0.000066 seconds.
  path: Assets/Store Assets/SimpleTrains/Prefabs/Environments/SM_Env_Track_Raised_Straight_01.prefab
  artifactKey: Guid(a39c519e9cd3a3446aa156add57f3e41) Importer(815301076,1909f56bfc062723c751e8b465ee728b)
Start importing Assets/Store Assets/SimpleTrains/Prefabs/Environments/SM_Env_Track_Raised_Straight_01.prefab using Guid(a39c519e9cd3a3446aa156add57f3e41) Importer(815301076,1909f56bfc062723c751e8b465ee728b)  -> (artifact id: 'f87d5244a134b4781eeaa117c896bd8b') in 0.018902 seconds 
========================================================================
Received Import Request.
  Time since last request: 0.000058 seconds.
  path: Assets/Store Assets/SimpleTrains/Prefabs/Environments/SM_Env_Tree_02.prefab
  artifactKey: Guid(204f17f8509b44a42b02f9548d02de63) Importer(815301076,1909f56bfc062723c751e8b465ee728b)
Start importing Assets/Store Assets/SimpleTrains/Prefabs/Environments/SM_Env_Tree_02.prefab using Guid(204f17f8509b44a42b02f9548d02de63) Importer(815301076,1909f56bfc062723c751e8b465ee728b)  -> (artifact id: '6ff4a12cd7ffb4a587124c99ce48a205') in 0.018910 seconds 
========================================================================
Received Import Request.
  Time since last request: 0.000055 seconds.
  path: Assets/Store Assets/SimpleTrains/Prefabs/Environments/SM_Env_Road_Corner_02.prefab
  artifactKey: Guid(71f530c23e857354e9d6924be4052377) Importer(815301076,1909f56bfc062723c751e8b465ee728b)
Start importing Assets/Store Assets/SimpleTrains/Prefabs/Environments/SM_Env_Road_Corner_02.prefab using Guid(71f530c23e857354e9d6924be4052377) Importer(815301076,1909f56bfc062723c751e8b465ee728b)  -> (artifact id: '3e2a34174c6283e0217886bfa94ae17e') in 0.019422 seconds 
========================================================================
Received Import Request.
  Time since last request: 0.000053 seconds.
  path: Assets/Store Assets/SimpleTrains/Prefabs/Environments/SM_Env_Hills_05.prefab
  artifactKey: Guid(a29fdd2124b143d49b8a87332da49195) Importer(815301076,1909f56bfc062723c751e8b465ee728b)
Start importing Assets/Store Assets/SimpleTrains/Prefabs/Environments/SM_Env_Hills_05.prefab using Guid(a29fdd2124b143d49b8a87332da49195) Importer(815301076,1909f56bfc062723c751e8b465ee728b)  -> (artifact id: '4cf0f13399ad12eee6967301a991ab7e') in 0.025098 seconds 
========================================================================
Received Import Request.
  Time since last request: 0.000058 seconds.
  path: Assets/Store Assets/SimpleTrains/Prefabs/Environments/SM_Env_Tree_04.prefab
  artifactKey: Guid(e0de550220d18074ba7e808ceb5170b3) Importer(815301076,1909f56bfc062723c751e8b465ee728b)
Start importing Assets/Store Assets/SimpleTrains/Prefabs/Environments/SM_Env_Tree_04.prefab using Guid(e0de550220d18074ba7e808ceb5170b3) Importer(815301076,1909f56bfc062723c751e8b465ee728b)  -> (artifact id: '2534e668dd2423c9a64648c4944858ef') in 0.032419 seconds 
========================================================================
Received Import Request.
  Time since last request: 0.000050 seconds.
  path: Assets/Store Assets/SimpleTrains/Prefabs/Environments/SM_Env_Track_Split_01.prefab
  artifactKey: Guid(2b4d2f9b6298c8b4896e551574459209) Importer(815301076,1909f56bfc062723c751e8b465ee728b)
Start importing Assets/Store Assets/SimpleTrains/Prefabs/Environments/SM_Env_Track_Split_01.prefab using Guid(2b4d2f9b6298c8b4896e551574459209) Importer(815301076,1909f56bfc062723c751e8b465ee728b)  -> (artifact id: 'a14b1303a0638681e48aff8073df7aff') in 0.063802 seconds 
========================================================================
Received Import Request.
  Time since last request: 0.000053 seconds.
  path: Assets/Store Assets/SimpleTrains/Prefabs/Environments/SM_Env_Hills_04.prefab
  artifactKey: Guid(bbd143ccda10ad042870d5108f9e6caa) Importer(815301076,1909f56bfc062723c751e8b465ee728b)
Start importing Assets/Store Assets/SimpleTrains/Prefabs/Environments/SM_Env_Hills_04.prefab using Guid(bbd143ccda10ad042870d5108f9e6caa) Importer(815301076,1909f56bfc062723c751e8b465ee728b)  -> (artifact id: '74405a5b8048fba9a530e3440994525c') in 0.030995 seconds 
========================================================================
Received Import Request.
  Time since last request: 0.000042 seconds.
  path: Assets/Store Assets/SimpleTrains/Prefabs/Environments/SM_Env_Road_Straight_01.prefab
  artifactKey: Guid(f10a5b534b512d74eaed14b3a9146835) Importer(815301076,1909f56bfc062723c751e8b465ee728b)
Start importing Assets/Store Assets/SimpleTrains/Prefabs/Environments/SM_Env_Road_Straight_01.prefab using Guid(f10a5b534b512d74eaed14b3a9146835) Importer(815301076,1909f56bfc062723c751e8b465ee728b)  -> (artifact id: '82d4199af4f92597247e7af5f7ef7a8f') in 0.022023 seconds 
========================================================================
Received Import Request.
  Time since last request: 0.000038 seconds.
  path: Assets/Store Assets/SimpleTrains/Prefabs/Environments/SM_Env_Track_Ridge_Bridge_01.prefab
  artifactKey: Guid(0cead1751a044bf479fd75bc4ec9e350) Importer(815301076,1909f56bfc062723c751e8b465ee728b)
Start importing Assets/Store Assets/SimpleTrains/Prefabs/Environments/SM_Env_Track_Ridge_Bridge_01.prefab using Guid(0cead1751a044bf479fd75bc4ec9e350) Importer(815301076,1909f56bfc062723c751e8b465ee728b)  -> (artifact id: '6abce1e8d16c5c1aeabf4840b59455b4') in 0.036479 seconds 
========================================================================
Received Import Request.
  Time since last request: 0.000054 seconds.
  path: Assets/Store Assets/SimpleTrains/Prefabs/Environments/SM_Env_Track_Ridge_Corner_01.prefab
  artifactKey: Guid(f1c973ae65ddd914db8b1b40a6c4f5ac) Importer(815301076,1909f56bfc062723c751e8b465ee728b)
Start importing Assets/Store Assets/SimpleTrains/Prefabs/Environments/SM_Env_Track_Ridge_Corner_01.prefab using Guid(f1c973ae65ddd914db8b1b40a6c4f5ac) Importer(815301076,1909f56bfc062723c751e8b465ee728b)  -> (artifact id: 'ed3e577abd33118a779209a36b8d8290') in 0.066294 seconds 
========================================================================
Received Import Request.
  Time since last request: 0.000044 seconds.
  path: Assets/Store Assets/SimpleTrains/Prefabs/Environments/SM_Env_Track_Raised_Bridge_Straight_02.prefab
  artifactKey: Guid(4a951820395ba19438750f2512a73335) Importer(815301076,1909f56bfc062723c751e8b465ee728b)
Start importing Assets/Store Assets/SimpleTrains/Prefabs/Environments/SM_Env_Track_Raised_Bridge_Straight_02.prefab using Guid(4a951820395ba19438750f2512a73335) Importer(815301076,1909f56bfc062723c751e8b465ee728b)  -> (artifact id: 'ed7d53e54871df5da207b952d58d0c93') in 0.019972 seconds 
========================================================================
Received Import Request.
  Time since last request: 0.000043 seconds.
  path: Assets/Store Assets/SimpleTrains/Prefabs/Environments/SM_Env_Road_Corner_01.prefab
  artifactKey: Guid(16805b0a3abf44446b5ad309a172ff2c) Importer(815301076,1909f56bfc062723c751e8b465ee728b)
Start importing Assets/Store Assets/SimpleTrains/Prefabs/Environments/SM_Env_Road_Corner_01.prefab using Guid(16805b0a3abf44446b5ad309a172ff2c) Importer(815301076,1909f56bfc062723c751e8b465ee728b)  -> (artifact id: 'f8fb0c63c7181085f90dab922bed68ec') in 0.024537 seconds 
========================================================================
Received Import Request.
  Time since last request: 0.000043 seconds.
  path: Assets/Store Assets/SimpleTrains/Prefabs/Environments/SM_Env_Hills_03.prefab
  artifactKey: Guid(50f1eb7028245e64fbcc09c877278c24) Importer(815301076,1909f56bfc062723c751e8b465ee728b)
Start importing Assets/Store Assets/SimpleTrains/Prefabs/Environments/SM_Env_Hills_03.prefab using Guid(50f1eb7028245e64fbcc09c877278c24) Importer(815301076,1909f56bfc062723c751e8b465ee728b)  -> (artifact id: '598a75171d96758c09c56ff2f27331cd') in 0.017125 seconds 
========================================================================
Received Import Request.
  Time since last request: 0.000040 seconds.
  path: Assets/Store Assets/SimpleTrains/Prefabs/Environments/SM_Env_SubwayEntrance_01.prefab
  artifactKey: Guid(a2cf60a3a3fe9c04c930db71925b8c4d) Importer(815301076,1909f56bfc062723c751e8b465ee728b)
Start importing Assets/Store Assets/SimpleTrains/Prefabs/Environments/SM_Env_SubwayEntrance_01.prefab using Guid(a2cf60a3a3fe9c04c930db71925b8c4d) Importer(815301076,1909f56bfc062723c751e8b465ee728b)  -> (artifact id: '1169b8dd8e026b8bf4310f85b267c0de') in 0.022429 seconds 
========================================================================
Received Import Request.
  Time since last request: 0.000060 seconds.
  path: Assets/Store Assets/SimpleTrains/Prefabs/Environments/SM_Env_Track_Corner_01.prefab
  artifactKey: Guid(807381485f4a0f341a3204c3e6e2f37e) Importer(815301076,1909f56bfc062723c751e8b465ee728b)
Start importing Assets/Store Assets/SimpleTrains/Prefabs/Environments/SM_Env_Track_Corner_01.prefab using Guid(807381485f4a0f341a3204c3e6e2f37e) Importer(815301076,1909f56bfc062723c751e8b465ee728b)  -> (artifact id: 'c62ecee550b9cb434066c054e35012db') in 0.024105 seconds 
========================================================================
Received Import Request.
  Time since last request: 0.000036 seconds.
  path: Assets/Store Assets/SimpleTrains/Prefabs/Environments/SM_Env_Tree_01.prefab
  artifactKey: Guid(e623e0d8d6a79ed468551164665a9bf8) Importer(815301076,1909f56bfc062723c751e8b465ee728b)
Start importing Assets/Store Assets/SimpleTrains/Prefabs/Environments/SM_Env_Tree_01.prefab using Guid(e623e0d8d6a79ed468551164665a9bf8) Importer(815301076,1909f56bfc062723c751e8b465ee728b)  -> (artifact id: '65db3271276784caedc6a5529ca89cf6') in 0.030277 seconds 
========================================================================
Received Import Request.
  Time since last request: 0.000036 seconds.
  path: Assets/Store Assets/SimpleTrains/Prefabs/Environments/SM_Env_Track_Raised_Bridge_End_01.prefab
  artifactKey: Guid(f9bfae60212e6d6479adf2c4513f7550) Importer(815301076,1909f56bfc062723c751e8b465ee728b)
Start importing Assets/Store Assets/SimpleTrains/Prefabs/Environments/SM_Env_Track_Raised_Bridge_End_01.prefab using Guid(f9bfae60212e6d6479adf2c4513f7550) Importer(815301076,1909f56bfc062723c751e8b465ee728b)  -> (artifact id: 'b83a426999e923cd5e9e470ecfff7f5f') in 0.021190 seconds 
========================================================================
Received Import Request.
  Time since last request: 146.431874 seconds.
  path: Assets/Store Assets/SimpleTrains/Prefabs/Props/SM_Prop_Bench_01.prefab
  artifactKey: Guid(af3c3cd0776564649a3324c42b6585c9) Importer(815301076,1909f56bfc062723c751e8b465ee728b)
Start importing Assets/Store Assets/SimpleTrains/Prefabs/Props/SM_Prop_Bench_01.prefab using Guid(af3c3cd0776564649a3324c42b6585c9) Importer(815301076,1909f56bfc062723c751e8b465ee728b)  -> (artifact id: '53a4292138cdb25fdba43dd362dd023e') in 0.045880 seconds 
========================================================================
Received Import Request.
  Time since last request: 0.000054 seconds.
  path: Assets/Store Assets/SimpleTrains/Prefabs/Props/SM_Prop_CoalPile_01.prefab
  artifactKey: Guid(6521a9a911792f14896b0739dfa98969) Importer(815301076,1909f56bfc062723c751e8b465ee728b)
Start importing Assets/Store Assets/SimpleTrains/Prefabs/Props/SM_Prop_CoalPile_01.prefab using Guid(6521a9a911792f14896b0739dfa98969) Importer(815301076,1909f56bfc062723c751e8b465ee728b)  -> (artifact id: '1b2c6d6b5a721bbb7c11c6338a6568f9') in 0.022595 seconds 
========================================================================
Received Import Request.
  Time since last request: 0.000045 seconds.
  path: Assets/Store Assets/SimpleTrains/Prefabs/Props/SM_Prop_LightPole_01.prefab
  artifactKey: Guid(69a35f05f19ad0e4ea2ce9966e8bf7a9) Importer(815301076,1909f56bfc062723c751e8b465ee728b)
Start importing Assets/Store Assets/SimpleTrains/Prefabs/Props/SM_Prop_LightPole_01.prefab using Guid(69a35f05f19ad0e4ea2ce9966e8bf7a9) Importer(815301076,1909f56bfc062723c751e8b465ee728b)  -> (artifact id: '83a69da475c77f10bd405e58dab66591') in 0.022729 seconds 
========================================================================
Received Import Request.
  Time since last request: 0.000060 seconds.
  path: Assets/Store Assets/SimpleTrains/Prefabs/Props/SM_Prop_CrossingLight_01.prefab
  artifactKey: Guid(f3ed3ba6a9c42674997903d7642a1e7e) Importer(815301076,1909f56bfc062723c751e8b465ee728b)
Start importing Assets/Store Assets/SimpleTrains/Prefabs/Props/SM_Prop_CrossingLight_01.prefab using Guid(f3ed3ba6a9c42674997903d7642a1e7e) Importer(815301076,1909f56bfc062723c751e8b465ee728b)  -> (artifact id: '4dcdbef1a20da7d70100934b8debd0bd') in 0.021663 seconds 
========================================================================
Received Import Request.
  Time since last request: 0.000053 seconds.
  path: Assets/Store Assets/SimpleTrains/Prefabs/Props/SM_Prop_Track_Switch_02.prefab
  artifactKey: Guid(a00bc0bcd01198746be7219a39baf60e) Importer(815301076,1909f56bfc062723c751e8b465ee728b)
Start importing Assets/Store Assets/SimpleTrains/Prefabs/Props/SM_Prop_Track_Switch_02.prefab using Guid(a00bc0bcd01198746be7219a39baf60e) Importer(815301076,1909f56bfc062723c751e8b465ee728b)  -> (artifact id: '7ea39195d254aaaf366991746ba31150') in 0.022028 seconds 
========================================================================
Received Import Request.
  Time since last request: 0.000136 seconds.
  path: Assets/Store Assets/SimpleTrains/Prefabs/Props/SM_Prop_CrossingLight_02.prefab
  artifactKey: Guid(76adbff7b2a4ef04c9d0cb27e8345d0a) Importer(815301076,1909f56bfc062723c751e8b465ee728b)
Start importing Assets/Store Assets/SimpleTrains/Prefabs/Props/SM_Prop_CrossingLight_02.prefab using Guid(76adbff7b2a4ef04c9d0cb27e8345d0a) Importer(815301076,1909f56bfc062723c751e8b465ee728b)  -> (artifact id: '973d627a8762695b5595d5edfaeef17c') in 0.028816 seconds 
========================================================================
Received Import Request.
  Time since last request: 0.000060 seconds.
  path: Assets/Store Assets/SimpleTrains/Prefabs/Props/SM_Prop_Sign_01.prefab
  artifactKey: Guid(31052a9e51d637b498675a85470a96d4) Importer(815301076,1909f56bfc062723c751e8b465ee728b)
Start importing Assets/Store Assets/SimpleTrains/Prefabs/Props/SM_Prop_Sign_01.prefab using Guid(31052a9e51d637b498675a85470a96d4) Importer(815301076,1909f56bfc062723c751e8b465ee728b)  -> (artifact id: '29f6c9edf941eb70eff3cd991c67fc03') in 0.025012 seconds 
========================================================================
Received Import Request.
  Time since last request: 0.000041 seconds.
  path: Assets/Store Assets/SimpleTrains/Prefabs/Props/SM_Prop_Track_Switch_01.prefab
  artifactKey: Guid(a96a3fb8380ec6944bdaca31796f9190) Importer(815301076,1909f56bfc062723c751e8b465ee728b)
Start importing Assets/Store Assets/SimpleTrains/Prefabs/Props/SM_Prop_Track_Switch_01.prefab using Guid(a96a3fb8380ec6944bdaca31796f9190) Importer(815301076,1909f56bfc062723c751e8b465ee728b)  -> (artifact id: '6ff0d427dd61024b16c97e04f3710339') in 0.022100 seconds 
========================================================================
Received Import Request.
  Time since last request: 0.000068 seconds.
  path: Assets/Store Assets/SimpleTrains/Prefabs/Props/SM_Prop_RubbishBin_01.prefab
  artifactKey: Guid(473c5efc777be58459906f1120f40cc8) Importer(815301076,1909f56bfc062723c751e8b465ee728b)
Start importing Assets/Store Assets/SimpleTrains/Prefabs/Props/SM_Prop_RubbishBin_01.prefab using Guid(473c5efc777be58459906f1120f40cc8) Importer(815301076,1909f56bfc062723c751e8b465ee728b)  -> (artifact id: '8af951377a9dd7fcd43a56fe9a7c622d') in 0.024004 seconds 
========================================================================
Received Import Request.
  Time since last request: 0.000069 seconds.
  path: Assets/Store Assets/SimpleTrains/Prefabs/Props/SM_Prop_Fence_01.prefab
  artifactKey: Guid(87a2c026b7074584795255a5fbecd391) Importer(815301076,1909f56bfc062723c751e8b465ee728b)
Start importing Assets/Store Assets/SimpleTrains/Prefabs/Props/SM_Prop_Fence_01.prefab using Guid(87a2c026b7074584795255a5fbecd391) Importer(815301076,1909f56bfc062723c751e8b465ee728b)  -> (artifact id: '23d6e9b7f4ffa25d6060078c35fba0c7') in 0.129982 seconds 
========================================================================
Received Import Request.
  Time since last request: 0.000047 seconds.
  path: Assets/Store Assets/SimpleTrains/Prefabs/Props/SM_Prop_Cable_Wires_01.prefab
  artifactKey: Guid(3cf33d51e65b769489be8afd58e4e0ba) Importer(815301076,1909f56bfc062723c751e8b465ee728b)
Start importing Assets/Store Assets/SimpleTrains/Prefabs/Props/SM_Prop_Cable_Wires_01.prefab using Guid(3cf33d51e65b769489be8afd58e4e0ba) Importer(815301076,1909f56bfc062723c751e8b465ee728b)  -> (artifact id: '58ae817e0ef232417b53b10f2756836a') in 0.020827 seconds 
